<?xml version="1.0" encoding="UTF-8"?>
<testsuite xmlns:xsi="http://www.w3.org/2001/XMLSchema-instance" xsi:noNamespaceSchemaLocation="https://maven.apache.org/surefire/maven-surefire-plugin/xsd/surefire-test-report.xsd" name="test.WebFluxTest" time="14.188" tests="6" errors="0" skipped="0" failures="0">
  <properties>
    <property name="java.specification.version" value="15"/>
    <property name="sun.jnu.encoding" value="UTF-8"/>
    <property name="java.class.path" value="/home/antoniojunior/development/git/prodepa/pae-protocolo-consumer-service/pae-protocolo-consuper-application/target/test-classes:/home/antoniojunior/development/git/prodepa/pae-protocolo-consumer-service/pae-protocolo-consuper-application/target/classes:/home/antoniojunior/development/git/prodepa/pae-protocolo-consumer-service/pae-protocolo-consumer-domain/target/pae-protocolo-consumer-domain-0.0.1-SNAPSHOT.jar:/home/antoniojunior/development/git/prodepa/pae-protocolo-consumer-service/pae-protocolo-consumer-jpa-adapter/target/pae-protocolo-consumer-jpa-adapter-0.0.1-SNAPSHOT.jar:/home/antoniojunior/.m2/repository/org/springframework/boot/spring-boot-starter-data-jpa/2.4.3/spring-boot-starter-data-jpa-2.4.3.jar:/home/antoniojunior/.m2/repository/org/springframework/boot/spring-boot-starter-aop/2.4.3/spring-boot-starter-aop-2.4.3.jar:/home/antoniojunior/.m2/repository/org/aspectj/aspectjweaver/1.9.6/aspectjweaver-1.9.6.jar:/home/antoniojunior/.m2/repository/org/springframework/boot/spring-boot-starter-jdbc/2.4.3/spring-boot-starter-jdbc-2.4.3.jar:/home/antoniojunior/.m2/repository/com/zaxxer/HikariCP/3.4.5/HikariCP-3.4.5.jar:/home/antoniojunior/.m2/repository/org/springframework/spring-jdbc/5.3.4/spring-jdbc-5.3.4.jar:/home/antoniojunior/.m2/repository/jakarta/transaction/jakarta.transaction-api/1.3.3/jakarta.transaction-api-1.3.3.jar:/home/antoniojunior/.m2/repository/jakarta/persistence/jakarta.persistence-api/2.2.3/jakarta.persistence-api-2.2.3.jar:/home/antoniojunior/.m2/repository/org/hibernate/hibernate-core/5.4.28.Final/hibernate-core-5.4.28.Final.jar:/home/antoniojunior/.m2/repository/org/jboss/logging/jboss-logging/3.4.1.Final/jboss-logging-3.4.1.Final.jar:/home/antoniojunior/.m2/repository/org/javassist/javassist/3.27.0-GA/javassist-3.27.0-GA.jar:/home/antoniojunior/.m2/repository/antlr/antlr/2.7.7/antlr-2.7.7.jar:/home/antoniojunior/.m2/repository/org/jboss/jandex/2.2.3.Final/jandex-2.2.3.Final.jar:/home/antoniojunior/.m2/repository/com/fasterxml/classmate/1.5.1/classmate-1.5.1.jar:/home/antoniojunior/.m2/repository/org/dom4j/dom4j/2.1.3/dom4j-2.1.3.jar:/home/antoniojunior/.m2/repository/org/hibernate/common/hibernate-commons-annotations/5.1.2.Final/hibernate-commons-annotations-5.1.2.Final.jar:/home/antoniojunior/.m2/repository/org/glassfish/jaxb/jaxb-runtime/2.3.3/jaxb-runtime-2.3.3.jar:/home/antoniojunior/.m2/repository/org/glassfish/jaxb/txw2/2.3.3/txw2-2.3.3.jar:/home/antoniojunior/.m2/repository/com/sun/istack/istack-commons-runtime/3.0.11/istack-commons-runtime-3.0.11.jar:/home/antoniojunior/.m2/repository/com/sun/activation/jakarta.activation/1.2.2/jakarta.activation-1.2.2.jar:/home/antoniojunior/.m2/repository/org/springframework/data/spring-data-jpa/2.4.5/spring-data-jpa-2.4.5.jar:/home/antoniojunior/.m2/repository/org/springframework/data/spring-data-commons/2.4.5/spring-data-commons-2.4.5.jar:/home/antoniojunior/.m2/repository/org/springframework/spring-orm/5.3.4/spring-orm-5.3.4.jar:/home/antoniojunior/.m2/repository/org/springframework/spring-aspects/5.3.4/spring-aspects-5.3.4.jar:/home/antoniojunior/.m2/repository/org/postgresql/postgresql/42.2.18/postgresql-42.2.18.jar:/home/antoniojunior/.m2/repository/org/checkerframework/checker-qual/3.5.0/checker-qual-3.5.0.jar:/home/antoniojunior/.m2/repository/org/mapstruct/mapstruct/1.4.1.Final/mapstruct-1.4.1.Final.jar:/home/antoniojunior/.m2/repository/org/springframework/boot/spring-boot-starter-activemq/2.4.3/spring-boot-starter-activemq-2.4.3.jar:/home/antoniojunior/.m2/repository/org/springframework/boot/spring-boot-starter/2.4.3/spring-boot-starter-2.4.3.jar:/home/antoniojunior/.m2/repository/org/springframework/boot/spring-boot-starter-logging/2.4.3/spring-boot-starter-logging-2.4.3.jar:/home/antoniojunior/.m2/repository/ch/qos/logback/logback-classic/1.2.3/logback-classic-1.2.3.jar:/home/antoniojunior/.m2/repository/ch/qos/logback/logback-core/1.2.3/logback-core-1.2.3.jar:/home/antoniojunior/.m2/repository/org/apache/logging/log4j/log4j-to-slf4j/2.13.3/log4j-to-slf4j-2.13.3.jar:/home/antoniojunior/.m2/repository/org/apache/logging/log4j/log4j-api/2.13.3/log4j-api-2.13.3.jar:/home/antoniojunior/.m2/repository/org/slf4j/jul-to-slf4j/1.7.30/jul-to-slf4j-1.7.30.jar:/home/antoniojunior/.m2/repository/jakarta/annotation/jakarta.annotation-api/1.3.5/jakarta.annotation-api-1.3.5.jar:/home/antoniojunior/.m2/repository/org/yaml/snakeyaml/1.27/snakeyaml-1.27.jar:/home/antoniojunior/.m2/repository/org/springframework/spring-jms/5.3.4/spring-jms-5.3.4.jar:/home/antoniojunior/.m2/repository/org/springframework/spring-beans/5.3.4/spring-beans-5.3.4.jar:/home/antoniojunior/.m2/repository/org/springframework/spring-messaging/5.3.4/spring-messaging-5.3.4.jar:/home/antoniojunior/.m2/repository/org/springframework/spring-tx/5.3.4/spring-tx-5.3.4.jar:/home/antoniojunior/.m2/repository/org/apache/activemq/activemq-broker/5.16.1/activemq-broker-5.16.1.jar:/home/antoniojunior/.m2/repository/org/apache/activemq/activemq-client/5.16.1/activemq-client-5.16.1.jar:/home/antoniojunior/.m2/repository/org/fusesource/hawtbuf/hawtbuf/1.11/hawtbuf-1.11.jar:/home/antoniojunior/.m2/repository/org/apache/geronimo/specs/geronimo-j2ee-management_1.1_spec/1.0.1/geronimo-j2ee-management_1.1_spec-1.0.1.jar:/home/antoniojunior/.m2/repository/org/apache/activemq/activemq-openwire-legacy/5.16.1/activemq-openwire-legacy-5.16.1.jar:/home/antoniojunior/.m2/repository/com/fasterxml/jackson/core/jackson-databind/2.11.4/jackson-databind-2.11.4.jar:/home/antoniojunior/.m2/repository/com/fasterxml/jackson/core/jackson-annotations/2.11.4/jackson-annotations-2.11.4.jar:/home/antoniojunior/.m2/repository/com/fasterxml/jackson/core/jackson-core/2.11.4/jackson-core-2.11.4.jar:/home/antoniojunior/.m2/repository/jakarta/jms/jakarta.jms-api/2.0.3/jakarta.jms-api-2.0.3.jar:/home/antoniojunior/.m2/repository/org/springframework/boot/spring-boot-starter-webflux/2.4.3/spring-boot-starter-webflux-2.4.3.jar:/home/antoniojunior/.m2/repository/org/springframework/boot/spring-boot-starter-json/2.4.3/spring-boot-starter-json-2.4.3.jar:/home/antoniojunior/.m2/repository/com/fasterxml/jackson/datatype/jackson-datatype-jdk8/2.11.4/jackson-datatype-jdk8-2.11.4.jar:/home/antoniojunior/.m2/repository/com/fasterxml/jackson/datatype/jackson-datatype-jsr310/2.11.4/jackson-datatype-jsr310-2.11.4.jar:/home/antoniojunior/.m2/repository/com/fasterxml/jackson/module/jackson-module-parameter-names/2.11.4/jackson-module-parameter-names-2.11.4.jar:/home/antoniojunior/.m2/repository/org/springframework/boot/spring-boot-starter-reactor-netty/2.4.3/spring-boot-starter-reactor-netty-2.4.3.jar:/home/antoniojunior/.m2/repository/io/projectreactor/netty/reactor-netty-http/1.0.4/reactor-netty-http-1.0.4.jar:/home/antoniojunior/.m2/repository/io/netty/netty-codec-http/4.1.59.Final/netty-codec-http-4.1.59.Final.jar:/home/antoniojunior/.m2/repository/io/netty/netty-common/4.1.59.Final/netty-common-4.1.59.Final.jar:/home/antoniojunior/.m2/repository/io/netty/netty-buffer/4.1.59.Final/netty-buffer-4.1.59.Final.jar:/home/antoniojunior/.m2/repository/io/netty/netty-transport/4.1.59.Final/netty-transport-4.1.59.Final.jar:/home/antoniojunior/.m2/repository/io/netty/netty-codec/4.1.59.Final/netty-codec-4.1.59.Final.jar:/home/antoniojunior/.m2/repository/io/netty/netty-handler/4.1.59.Final/netty-handler-4.1.59.Final.jar:/home/antoniojunior/.m2/repository/io/netty/netty-codec-http2/4.1.59.Final/netty-codec-http2-4.1.59.Final.jar:/home/antoniojunior/.m2/repository/io/netty/netty-resolver-dns/4.1.59.Final/netty-resolver-dns-4.1.59.Final.jar:/home/antoniojunior/.m2/repository/io/netty/netty-resolver/4.1.59.Final/netty-resolver-4.1.59.Final.jar:/home/antoniojunior/.m2/repository/io/netty/netty-codec-dns/4.1.59.Final/netty-codec-dns-4.1.59.Final.jar:/home/antoniojunior/.m2/repository/io/netty/netty-resolver-dns-native-macos/4.1.59.Final/netty-resolver-dns-native-macos-4.1.59.Final-osx-x86_64.jar:/home/antoniojunior/.m2/repository/io/netty/netty-transport-native-unix-common/4.1.59.Final/netty-transport-native-unix-common-4.1.59.Final.jar:/home/antoniojunior/.m2/repository/io/netty/netty-transport-native-epoll/4.1.59.Final/netty-transport-native-epoll-4.1.59.Final-linux-x86_64.jar:/home/antoniojunior/.m2/repository/io/projectreactor/netty/reactor-netty-core/1.0.4/reactor-netty-core-1.0.4.jar:/home/antoniojunior/.m2/repository/io/netty/netty-handler-proxy/4.1.59.Final/netty-handler-proxy-4.1.59.Final.jar:/home/antoniojunior/.m2/repository/io/netty/netty-codec-socks/4.1.59.Final/netty-codec-socks-4.1.59.Final.jar:/home/antoniojunior/.m2/repository/org/springframework/spring-web/5.3.4/spring-web-5.3.4.jar:/home/antoniojunior/.m2/repository/org/springframework/spring-webflux/5.3.4/spring-webflux-5.3.4.jar:/home/antoniojunior/.m2/repository/io/projectreactor/reactor-core/3.4.3/reactor-core-3.4.3.jar:/home/antoniojunior/.m2/repository/org/reactivestreams/reactive-streams/1.0.3/reactive-streams-1.0.3.jar:/home/antoniojunior/.m2/repository/org/springframework/integration/spring-integration-jms/5.4.4/spring-integration-jms-5.4.4.jar:/home/antoniojunior/.m2/repository/org/springframework/integration/spring-integration-core/5.4.4/spring-integration-core-5.4.4.jar:/home/antoniojunior/.m2/repository/org/springframework/spring-aop/5.3.4/spring-aop-5.3.4.jar:/home/antoniojunior/.m2/repository/org/springframework/spring-context/5.3.4/spring-context-5.3.4.jar:/home/antoniojunior/.m2/repository/org/springframework/retry/spring-retry/1.3.1/spring-retry-1.3.1.jar:/home/antoniojunior/.m2/repository/javax/annotation/javax.annotation-api/1.3.2/javax.annotation-api-1.3.2.jar:/home/antoniojunior/.m2/repository/org/springframework/boot/spring-boot-starter-test/2.4.3/spring-boot-starter-test-2.4.3.jar:/home/antoniojunior/.m2/repository/org/springframework/boot/spring-boot-test/2.4.3/spring-boot-test-2.4.3.jar:/home/antoniojunior/.m2/repository/org/springframework/boot/spring-boot-test-autoconfigure/2.4.3/spring-boot-test-autoconfigure-2.4.3.jar:/home/antoniojunior/.m2/repository/com/jayway/jsonpath/json-path/2.4.0/json-path-2.4.0.jar:/home/antoniojunior/.m2/repository/net/minidev/json-smart/2.3/json-smart-2.3.jar:/home/antoniojunior/.m2/repository/net/minidev/accessors-smart/1.2/accessors-smart-1.2.jar:/home/antoniojunior/.m2/repository/org/ow2/asm/asm/5.0.4/asm-5.0.4.jar:/home/antoniojunior/.m2/repository/org/slf4j/slf4j-api/1.7.30/slf4j-api-1.7.30.jar:/home/antoniojunior/.m2/repository/jakarta/xml/bind/jakarta.xml.bind-api/2.3.3/jakarta.xml.bind-api-2.3.3.jar:/home/antoniojunior/.m2/repository/jakarta/activation/jakarta.activation-api/1.2.2/jakarta.activation-api-1.2.2.jar:/home/antoniojunior/.m2/repository/org/assertj/assertj-core/3.18.1/assertj-core-3.18.1.jar:/home/antoniojunior/.m2/repository/org/hamcrest/hamcrest/2.2/hamcrest-2.2.jar:/home/antoniojunior/.m2/repository/org/junit/jupiter/junit-jupiter/5.7.1/junit-jupiter-5.7.1.jar:/home/antoniojunior/.m2/repository/org/junit/jupiter/junit-jupiter-api/5.7.1/junit-jupiter-api-5.7.1.jar:/home/antoniojunior/.m2/repository/org/apiguardian/apiguardian-api/1.1.0/apiguardian-api-1.1.0.jar:/home/antoniojunior/.m2/repository/org/opentest4j/opentest4j/1.2.0/opentest4j-1.2.0.jar:/home/antoniojunior/.m2/repository/org/junit/platform/junit-platform-commons/1.7.1/junit-platform-commons-1.7.1.jar:/home/antoniojunior/.m2/repository/org/junit/jupiter/junit-jupiter-params/5.7.1/junit-jupiter-params-5.7.1.jar:/home/antoniojunior/.m2/repository/org/junit/jupiter/junit-jupiter-engine/5.7.1/junit-jupiter-engine-5.7.1.jar:/home/antoniojunior/.m2/repository/org/junit/platform/junit-platform-engine/1.7.1/junit-platform-engine-1.7.1.jar:/home/antoniojunior/.m2/repository/org/mockito/mockito-core/3.6.28/mockito-core-3.6.28.jar:/home/antoniojunior/.m2/repository/net/bytebuddy/byte-buddy/1.10.20/byte-buddy-1.10.20.jar:/home/antoniojunior/.m2/repository/net/bytebuddy/byte-buddy-agent/1.10.20/byte-buddy-agent-1.10.20.jar:/home/antoniojunior/.m2/repository/org/objenesis/objenesis/3.1/objenesis-3.1.jar:/home/antoniojunior/.m2/repository/org/mockito/mockito-junit-jupiter/3.6.28/mockito-junit-jupiter-3.6.28.jar:/home/antoniojunior/.m2/repository/org/skyscreamer/jsonassert/1.5.0/jsonassert-1.5.0.jar:/home/antoniojunior/.m2/repository/com/vaadin/external/google/android-json/0.0.20131108.vaadin1/android-json-0.0.20131108.vaadin1.jar:/home/antoniojunior/.m2/repository/org/springframework/spring-core/5.3.4/spring-core-5.3.4.jar:/home/antoniojunior/.m2/repository/org/springframework/spring-jcl/5.3.4/spring-jcl-5.3.4.jar:/home/antoniojunior/.m2/repository/org/springframework/spring-test/5.3.4/spring-test-5.3.4.jar:/home/antoniojunior/.m2/repository/org/xmlunit/xmlunit-core/2.7.0/xmlunit-core-2.7.0.jar:/home/antoniojunior/.m2/repository/org/springframework/boot/spring-boot-starter-web/2.4.3/spring-boot-starter-web-2.4.3.jar:/home/antoniojunior/.m2/repository/org/springframework/boot/spring-boot-starter-tomcat/2.4.3/spring-boot-starter-tomcat-2.4.3.jar:/home/antoniojunior/.m2/repository/org/apache/tomcat/embed/tomcat-embed-core/9.0.43/tomcat-embed-core-9.0.43.jar:/home/antoniojunior/.m2/repository/org/glassfish/jakarta.el/3.0.3/jakarta.el-3.0.3.jar:/home/antoniojunior/.m2/repository/org/apache/tomcat/embed/tomcat-embed-websocket/9.0.43/tomcat-embed-websocket-9.0.43.jar:/home/antoniojunior/.m2/repository/org/springframework/spring-webmvc/5.3.4/spring-webmvc-5.3.4.jar:/home/antoniojunior/.m2/repository/org/springframework/spring-expression/5.3.4/spring-expression-5.3.4.jar:/home/antoniojunior/.m2/repository/org/springframework/boot/spring-boot-devtools/2.4.3/spring-boot-devtools-2.4.3.jar:/home/antoniojunior/.m2/repository/org/springframework/boot/spring-boot/2.4.3/spring-boot-2.4.3.jar:/home/antoniojunior/.m2/repository/org/springframework/boot/spring-boot-autoconfigure/2.4.3/spring-boot-autoconfigure-2.4.3.jar:/home/antoniojunior/.m2/repository/org/projectlombok/lombok/1.18.18/lombok-1.18.18.jar:/home/antoniojunior/.m2/repository/br/gov/pa/prodepa/pae-documento-client/0.0.1-SNAPSHOT/pae-documento-client-0.0.1-SNAPSHOT.jar:/home/antoniojunior/.m2/repository/br/gov/pa/prodepa/pae/pae-suporte-client/0.0.1-SNAPSHOT/pae-suporte-client-0.0.1-SNAPSHOT.jar:/home/antoniojunior/.m2/repository/br/gov/pa/prodepa/nucleopa-client/0.0.1-SNAPSHOT/nucleopa-client-0.0.1-SNAPSHOT.jar:"/>
    <property name="java.vm.vendor" value="Oracle Corporation"/>
    <property name="sun.arch.data.model" value="64"/>
    <property name="java.vendor.url" value="https://java.oracle.com/"/>
    <property name="os.name" value="Linux"/>
    <property name="java.vm.specification.version" value="15"/>
    <property name="sun.java.launcher" value="SUN_STANDARD"/>
    <property name="user.country" value="BR"/>
    <property name="sun.boot.library.path" value="/home/antoniojunior/development/tools/eclipse/sts-4.9.0.RELEASE/plugins/org.eclipse.justj.openjdk.hotspot.jre.full.linux.x86_64_15.0.1.v20201027-0507/jre/lib"/>
    <property name="sun.java.command" value="/home/antoniojunior/development/git/prodepa/pae-protocolo-consumer-service/pae-protocolo-consuper-application/target/surefire/surefirebooter7971008451763236303.jar /home/antoniojunior/development/git/prodepa/pae-protocolo-consumer-service/pae-protocolo-consuper-application/target/surefire 2021-03-18T06-23-34_937-jvmRun1 surefire16484863363116541422tmp surefire_018074712974690884614tmp"/>
    <property name="jdk.debug" value="release"/>
    <property name="surefire.test.class.path" value="/home/antoniojunior/development/git/prodepa/pae-protocolo-consumer-service/pae-protocolo-consuper-application/target/test-classes:/home/antoniojunior/development/git/prodepa/pae-protocolo-consumer-service/pae-protocolo-consuper-application/target/classes:/home/antoniojunior/development/git/prodepa/pae-protocolo-consumer-service/pae-protocolo-consumer-domain/target/pae-protocolo-consumer-domain-0.0.1-SNAPSHOT.jar:/home/antoniojunior/development/git/prodepa/pae-protocolo-consumer-service/pae-protocolo-consumer-jpa-adapter/target/pae-protocolo-consumer-jpa-adapter-0.0.1-SNAPSHOT.jar:/home/antoniojunior/.m2/repository/org/springframework/boot/spring-boot-starter-data-jpa/2.4.3/spring-boot-starter-data-jpa-2.4.3.jar:/home/antoniojunior/.m2/repository/org/springframework/boot/spring-boot-starter-aop/2.4.3/spring-boot-starter-aop-2.4.3.jar:/home/antoniojunior/.m2/repository/org/aspectj/aspectjweaver/1.9.6/aspectjweaver-1.9.6.jar:/home/antoniojunior/.m2/repository/org/springframework/boot/spring-boot-starter-jdbc/2.4.3/spring-boot-starter-jdbc-2.4.3.jar:/home/antoniojunior/.m2/repository/com/zaxxer/HikariCP/3.4.5/HikariCP-3.4.5.jar:/home/antoniojunior/.m2/repository/org/springframework/spring-jdbc/5.3.4/spring-jdbc-5.3.4.jar:/home/antoniojunior/.m2/repository/jakarta/transaction/jakarta.transaction-api/1.3.3/jakarta.transaction-api-1.3.3.jar:/home/antoniojunior/.m2/repository/jakarta/persistence/jakarta.persistence-api/2.2.3/jakarta.persistence-api-2.2.3.jar:/home/antoniojunior/.m2/repository/org/hibernate/hibernate-core/5.4.28.Final/hibernate-core-5.4.28.Final.jar:/home/antoniojunior/.m2/repository/org/jboss/logging/jboss-logging/3.4.1.Final/jboss-logging-3.4.1.Final.jar:/home/antoniojunior/.m2/repository/org/javassist/javassist/3.27.0-GA/javassist-3.27.0-GA.jar:/home/antoniojunior/.m2/repository/antlr/antlr/2.7.7/antlr-2.7.7.jar:/home/antoniojunior/.m2/repository/org/jboss/jandex/2.2.3.Final/jandex-2.2.3.Final.jar:/home/antoniojunior/.m2/repository/com/fasterxml/classmate/1.5.1/classmate-1.5.1.jar:/home/antoniojunior/.m2/repository/org/dom4j/dom4j/2.1.3/dom4j-2.1.3.jar:/home/antoniojunior/.m2/repository/org/hibernate/common/hibernate-commons-annotations/5.1.2.Final/hibernate-commons-annotations-5.1.2.Final.jar:/home/antoniojunior/.m2/repository/org/glassfish/jaxb/jaxb-runtime/2.3.3/jaxb-runtime-2.3.3.jar:/home/antoniojunior/.m2/repository/org/glassfish/jaxb/txw2/2.3.3/txw2-2.3.3.jar:/home/antoniojunior/.m2/repository/com/sun/istack/istack-commons-runtime/3.0.11/istack-commons-runtime-3.0.11.jar:/home/antoniojunior/.m2/repository/com/sun/activation/jakarta.activation/1.2.2/jakarta.activation-1.2.2.jar:/home/antoniojunior/.m2/repository/org/springframework/data/spring-data-jpa/2.4.5/spring-data-jpa-2.4.5.jar:/home/antoniojunior/.m2/repository/org/springframework/data/spring-data-commons/2.4.5/spring-data-commons-2.4.5.jar:/home/antoniojunior/.m2/repository/org/springframework/spring-orm/5.3.4/spring-orm-5.3.4.jar:/home/antoniojunior/.m2/repository/org/springframework/spring-aspects/5.3.4/spring-aspects-5.3.4.jar:/home/antoniojunior/.m2/repository/org/postgresql/postgresql/42.2.18/postgresql-42.2.18.jar:/home/antoniojunior/.m2/repository/org/checkerframework/checker-qual/3.5.0/checker-qual-3.5.0.jar:/home/antoniojunior/.m2/repository/org/mapstruct/mapstruct/1.4.1.Final/mapstruct-1.4.1.Final.jar:/home/antoniojunior/.m2/repository/org/springframework/boot/spring-boot-starter-activemq/2.4.3/spring-boot-starter-activemq-2.4.3.jar:/home/antoniojunior/.m2/repository/org/springframework/boot/spring-boot-starter/2.4.3/spring-boot-starter-2.4.3.jar:/home/antoniojunior/.m2/repository/org/springframework/boot/spring-boot-starter-logging/2.4.3/spring-boot-starter-logging-2.4.3.jar:/home/antoniojunior/.m2/repository/ch/qos/logback/logback-classic/1.2.3/logback-classic-1.2.3.jar:/home/antoniojunior/.m2/repository/ch/qos/logback/logback-core/1.2.3/logback-core-1.2.3.jar:/home/antoniojunior/.m2/repository/org/apache/logging/log4j/log4j-to-slf4j/2.13.3/log4j-to-slf4j-2.13.3.jar:/home/antoniojunior/.m2/repository/org/apache/logging/log4j/log4j-api/2.13.3/log4j-api-2.13.3.jar:/home/antoniojunior/.m2/repository/org/slf4j/jul-to-slf4j/1.7.30/jul-to-slf4j-1.7.30.jar:/home/antoniojunior/.m2/repository/jakarta/annotation/jakarta.annotation-api/1.3.5/jakarta.annotation-api-1.3.5.jar:/home/antoniojunior/.m2/repository/org/yaml/snakeyaml/1.27/snakeyaml-1.27.jar:/home/antoniojunior/.m2/repository/org/springframework/spring-jms/5.3.4/spring-jms-5.3.4.jar:/home/antoniojunior/.m2/repository/org/springframework/spring-beans/5.3.4/spring-beans-5.3.4.jar:/home/antoniojunior/.m2/repository/org/springframework/spring-messaging/5.3.4/spring-messaging-5.3.4.jar:/home/antoniojunior/.m2/repository/org/springframework/spring-tx/5.3.4/spring-tx-5.3.4.jar:/home/antoniojunior/.m2/repository/org/apache/activemq/activemq-broker/5.16.1/activemq-broker-5.16.1.jar:/home/antoniojunior/.m2/repository/org/apache/activemq/activemq-client/5.16.1/activemq-client-5.16.1.jar:/home/antoniojunior/.m2/repository/org/fusesource/hawtbuf/hawtbuf/1.11/hawtbuf-1.11.jar:/home/antoniojunior/.m2/repository/org/apache/geronimo/specs/geronimo-j2ee-management_1.1_spec/1.0.1/geronimo-j2ee-management_1.1_spec-1.0.1.jar:/home/antoniojunior/.m2/repository/org/apache/activemq/activemq-openwire-legacy/5.16.1/activemq-openwire-legacy-5.16.1.jar:/home/antoniojunior/.m2/repository/com/fasterxml/jackson/core/jackson-databind/2.11.4/jackson-databind-2.11.4.jar:/home/antoniojunior/.m2/repository/com/fasterxml/jackson/core/jackson-annotations/2.11.4/jackson-annotations-2.11.4.jar:/home/antoniojunior/.m2/repository/com/fasterxml/jackson/core/jackson-core/2.11.4/jackson-core-2.11.4.jar:/home/antoniojunior/.m2/repository/jakarta/jms/jakarta.jms-api/2.0.3/jakarta.jms-api-2.0.3.jar:/home/antoniojunior/.m2/repository/org/springframework/boot/spring-boot-starter-webflux/2.4.3/spring-boot-starter-webflux-2.4.3.jar:/home/antoniojunior/.m2/repository/org/springframework/boot/spring-boot-starter-json/2.4.3/spring-boot-starter-json-2.4.3.jar:/home/antoniojunior/.m2/repository/com/fasterxml/jackson/datatype/jackson-datatype-jdk8/2.11.4/jackson-datatype-jdk8-2.11.4.jar:/home/antoniojunior/.m2/repository/com/fasterxml/jackson/datatype/jackson-datatype-jsr310/2.11.4/jackson-datatype-jsr310-2.11.4.jar:/home/antoniojunior/.m2/repository/com/fasterxml/jackson/module/jackson-module-parameter-names/2.11.4/jackson-module-parameter-names-2.11.4.jar:/home/antoniojunior/.m2/repository/org/springframework/boot/spring-boot-starter-reactor-netty/2.4.3/spring-boot-starter-reactor-netty-2.4.3.jar:/home/antoniojunior/.m2/repository/io/projectreactor/netty/reactor-netty-http/1.0.4/reactor-netty-http-1.0.4.jar:/home/antoniojunior/.m2/repository/io/netty/netty-codec-http/4.1.59.Final/netty-codec-http-4.1.59.Final.jar:/home/antoniojunior/.m2/repository/io/netty/netty-common/4.1.59.Final/netty-common-4.1.59.Final.jar:/home/antoniojunior/.m2/repository/io/netty/netty-buffer/4.1.59.Final/netty-buffer-4.1.59.Final.jar:/home/antoniojunior/.m2/repository/io/netty/netty-transport/4.1.59.Final/netty-transport-4.1.59.Final.jar:/home/antoniojunior/.m2/repository/io/netty/netty-codec/4.1.59.Final/netty-codec-4.1.59.Final.jar:/home/antoniojunior/.m2/repository/io/netty/netty-handler/4.1.59.Final/netty-handler-4.1.59.Final.jar:/home/antoniojunior/.m2/repository/io/netty/netty-codec-http2/4.1.59.Final/netty-codec-http2-4.1.59.Final.jar:/home/antoniojunior/.m2/repository/io/netty/netty-resolver-dns/4.1.59.Final/netty-resolver-dns-4.1.59.Final.jar:/home/antoniojunior/.m2/repository/io/netty/netty-resolver/4.1.59.Final/netty-resolver-4.1.59.Final.jar:/home/antoniojunior/.m2/repository/io/netty/netty-codec-dns/4.1.59.Final/netty-codec-dns-4.1.59.Final.jar:/home/antoniojunior/.m2/repository/io/netty/netty-resolver-dns-native-macos/4.1.59.Final/netty-resolver-dns-native-macos-4.1.59.Final-osx-x86_64.jar:/home/antoniojunior/.m2/repository/io/netty/netty-transport-native-unix-common/4.1.59.Final/netty-transport-native-unix-common-4.1.59.Final.jar:/home/antoniojunior/.m2/repository/io/netty/netty-transport-native-epoll/4.1.59.Final/netty-transport-native-epoll-4.1.59.Final-linux-x86_64.jar:/home/antoniojunior/.m2/repository/io/projectreactor/netty/reactor-netty-core/1.0.4/reactor-netty-core-1.0.4.jar:/home/antoniojunior/.m2/repository/io/netty/netty-handler-proxy/4.1.59.Final/netty-handler-proxy-4.1.59.Final.jar:/home/antoniojunior/.m2/repository/io/netty/netty-codec-socks/4.1.59.Final/netty-codec-socks-4.1.59.Final.jar:/home/antoniojunior/.m2/repository/org/springframework/spring-web/5.3.4/spring-web-5.3.4.jar:/home/antoniojunior/.m2/repository/org/springframework/spring-webflux/5.3.4/spring-webflux-5.3.4.jar:/home/antoniojunior/.m2/repository/io/projectreactor/reactor-core/3.4.3/reactor-core-3.4.3.jar:/home/antoniojunior/.m2/repository/org/reactivestreams/reactive-streams/1.0.3/reactive-streams-1.0.3.jar:/home/antoniojunior/.m2/repository/org/springframework/integration/spring-integration-jms/5.4.4/spring-integration-jms-5.4.4.jar:/home/antoniojunior/.m2/repository/org/springframework/integration/spring-integration-core/5.4.4/spring-integration-core-5.4.4.jar:/home/antoniojunior/.m2/repository/org/springframework/spring-aop/5.3.4/spring-aop-5.3.4.jar:/home/antoniojunior/.m2/repository/org/springframework/spring-context/5.3.4/spring-context-5.3.4.jar:/home/antoniojunior/.m2/repository/org/springframework/retry/spring-retry/1.3.1/spring-retry-1.3.1.jar:/home/antoniojunior/.m2/repository/javax/annotation/javax.annotation-api/1.3.2/javax.annotation-api-1.3.2.jar:/home/antoniojunior/.m2/repository/org/springframework/boot/spring-boot-starter-test/2.4.3/spring-boot-starter-test-2.4.3.jar:/home/antoniojunior/.m2/repository/org/springframework/boot/spring-boot-test/2.4.3/spring-boot-test-2.4.3.jar:/home/antoniojunior/.m2/repository/org/springframework/boot/spring-boot-test-autoconfigure/2.4.3/spring-boot-test-autoconfigure-2.4.3.jar:/home/antoniojunior/.m2/repository/com/jayway/jsonpath/json-path/2.4.0/json-path-2.4.0.jar:/home/antoniojunior/.m2/repository/net/minidev/json-smart/2.3/json-smart-2.3.jar:/home/antoniojunior/.m2/repository/net/minidev/accessors-smart/1.2/accessors-smart-1.2.jar:/home/antoniojunior/.m2/repository/org/ow2/asm/asm/5.0.4/asm-5.0.4.jar:/home/antoniojunior/.m2/repository/org/slf4j/slf4j-api/1.7.30/slf4j-api-1.7.30.jar:/home/antoniojunior/.m2/repository/jakarta/xml/bind/jakarta.xml.bind-api/2.3.3/jakarta.xml.bind-api-2.3.3.jar:/home/antoniojunior/.m2/repository/jakarta/activation/jakarta.activation-api/1.2.2/jakarta.activation-api-1.2.2.jar:/home/antoniojunior/.m2/repository/org/assertj/assertj-core/3.18.1/assertj-core-3.18.1.jar:/home/antoniojunior/.m2/repository/org/hamcrest/hamcrest/2.2/hamcrest-2.2.jar:/home/antoniojunior/.m2/repository/org/junit/jupiter/junit-jupiter/5.7.1/junit-jupiter-5.7.1.jar:/home/antoniojunior/.m2/repository/org/junit/jupiter/junit-jupiter-api/5.7.1/junit-jupiter-api-5.7.1.jar:/home/antoniojunior/.m2/repository/org/apiguardian/apiguardian-api/1.1.0/apiguardian-api-1.1.0.jar:/home/antoniojunior/.m2/repository/org/opentest4j/opentest4j/1.2.0/opentest4j-1.2.0.jar:/home/antoniojunior/.m2/repository/org/junit/platform/junit-platform-commons/1.7.1/junit-platform-commons-1.7.1.jar:/home/antoniojunior/.m2/repository/org/junit/jupiter/junit-jupiter-params/5.7.1/junit-jupiter-params-5.7.1.jar:/home/antoniojunior/.m2/repository/org/junit/jupiter/junit-jupiter-engine/5.7.1/junit-jupiter-engine-5.7.1.jar:/home/antoniojunior/.m2/repository/org/junit/platform/junit-platform-engine/1.7.1/junit-platform-engine-1.7.1.jar:/home/antoniojunior/.m2/repository/org/mockito/mockito-core/3.6.28/mockito-core-3.6.28.jar:/home/antoniojunior/.m2/repository/net/bytebuddy/byte-buddy/1.10.20/byte-buddy-1.10.20.jar:/home/antoniojunior/.m2/repository/net/bytebuddy/byte-buddy-agent/1.10.20/byte-buddy-agent-1.10.20.jar:/home/antoniojunior/.m2/repository/org/objenesis/objenesis/3.1/objenesis-3.1.jar:/home/antoniojunior/.m2/repository/org/mockito/mockito-junit-jupiter/3.6.28/mockito-junit-jupiter-3.6.28.jar:/home/antoniojunior/.m2/repository/org/skyscreamer/jsonassert/1.5.0/jsonassert-1.5.0.jar:/home/antoniojunior/.m2/repository/com/vaadin/external/google/android-json/0.0.20131108.vaadin1/android-json-0.0.20131108.vaadin1.jar:/home/antoniojunior/.m2/repository/org/springframework/spring-core/5.3.4/spring-core-5.3.4.jar:/home/antoniojunior/.m2/repository/org/springframework/spring-jcl/5.3.4/spring-jcl-5.3.4.jar:/home/antoniojunior/.m2/repository/org/springframework/spring-test/5.3.4/spring-test-5.3.4.jar:/home/antoniojunior/.m2/repository/org/xmlunit/xmlunit-core/2.7.0/xmlunit-core-2.7.0.jar:/home/antoniojunior/.m2/repository/org/springframework/boot/spring-boot-starter-web/2.4.3/spring-boot-starter-web-2.4.3.jar:/home/antoniojunior/.m2/repository/org/springframework/boot/spring-boot-starter-tomcat/2.4.3/spring-boot-starter-tomcat-2.4.3.jar:/home/antoniojunior/.m2/repository/org/apache/tomcat/embed/tomcat-embed-core/9.0.43/tomcat-embed-core-9.0.43.jar:/home/antoniojunior/.m2/repository/org/glassfish/jakarta.el/3.0.3/jakarta.el-3.0.3.jar:/home/antoniojunior/.m2/repository/org/apache/tomcat/embed/tomcat-embed-websocket/9.0.43/tomcat-embed-websocket-9.0.43.jar:/home/antoniojunior/.m2/repository/org/springframework/spring-webmvc/5.3.4/spring-webmvc-5.3.4.jar:/home/antoniojunior/.m2/repository/org/springframework/spring-expression/5.3.4/spring-expression-5.3.4.jar:/home/antoniojunior/.m2/repository/org/springframework/boot/spring-boot-devtools/2.4.3/spring-boot-devtools-2.4.3.jar:/home/antoniojunior/.m2/repository/org/springframework/boot/spring-boot/2.4.3/spring-boot-2.4.3.jar:/home/antoniojunior/.m2/repository/org/springframework/boot/spring-boot-autoconfigure/2.4.3/spring-boot-autoconfigure-2.4.3.jar:/home/antoniojunior/.m2/repository/org/projectlombok/lombok/1.18.18/lombok-1.18.18.jar:/home/antoniojunior/.m2/repository/br/gov/pa/prodepa/pae-documento-client/0.0.1-SNAPSHOT/pae-documento-client-0.0.1-SNAPSHOT.jar:/home/antoniojunior/.m2/repository/br/gov/pa/prodepa/pae/pae-suporte-client/0.0.1-SNAPSHOT/pae-suporte-client-0.0.1-SNAPSHOT.jar:/home/antoniojunior/.m2/repository/br/gov/pa/prodepa/nucleopa-client/0.0.1-SNAPSHOT/nucleopa-client-0.0.1-SNAPSHOT.jar:"/>
    <property name="sun.cpu.endian" value="little"/>
    <property name="user.home" value="/home/antoniojunior"/>
    <property name="user.language" value="pt"/>
    <property name="java.specification.vendor" value="Oracle Corporation"/>
    <property name="java.version.date" value="2020-10-20"/>
    <property name="java.home" value="/home/antoniojunior/development/tools/eclipse/sts-4.9.0.RELEASE/plugins/org.eclipse.justj.openjdk.hotspot.jre.full.linux.x86_64_15.0.1.v20201027-0507/jre"/>
    <property name="file.separator" value="/"/>
    <property name="style.color" value="always"/>
    <property name="basedir" value="/home/antoniojunior/development/git/prodepa/pae-protocolo-consumer-service/pae-protocolo-consuper-application"/>
    <property name="java.vm.compressedOopsMode" value="32-bit"/>
    <property name="line.separator" value="&#10;"/>
    <property name="java.vm.specification.vendor" value="Oracle Corporation"/>
    <property name="java.specification.name" value="Java Platform API Specification"/>
    <property name="surefire.real.class.path" value="/home/antoniojunior/development/git/prodepa/pae-protocolo-consumer-service/pae-protocolo-consuper-application/target/surefire/surefirebooter7971008451763236303.jar"/>
    <property name="sun.management.compiler" value="HotSpot 64-Bit Tiered Compilers"/>
    <property name="java.runtime.version" value="15.0.1+9-18"/>
    <property name="user.name" value="antoniojunior"/>
    <property name="path.separator" value=":"/>
    <property name="os.version" value="5.4.0-66-generic"/>
    <property name="java.runtime.name" value="OpenJDK Runtime Environment"/>
    <property name="file.encoding" value="UTF-8"/>
    <property name="java.vm.name" value="OpenJDK 64-Bit Server VM"/>
    <property name="localRepository" value="/home/antoniojunior/.m2/repository"/>
    <property name="java.vendor.url.bug" value="https://bugreport.java.com/bugreport/"/>
    <property name="java.io.tmpdir" value="/tmp"/>
    <property name="java.version" value="15.0.1"/>
    <property name="user.dir" value="/home/antoniojunior/development/git/prodepa/pae-protocolo-consumer-service/pae-protocolo-consuper-application"/>
    <property name="os.arch" value="amd64"/>
    <property name="java.vm.specification.name" value="Java Virtual Machine Specification"/>
    <property name="java.library.path" value="/usr/java/packages/lib:/usr/lib64:/lib64:/lib:/usr/lib"/>
    <property name="java.vm.info" value="mixed mode"/>
    <property name="java.vendor" value="Oracle Corporation"/>
    <property name="java.vm.version" value="15.0.1+9-18"/>
    <property name="sun.io.unicode.encoding" value="UnicodeLittle"/>
    <property name="java.class.version" value="59.0"/>
  </properties>
  <testcase name="backpressureExample" classname="test.WebFluxTest" time="0.126"/>
  <testcase name="simpleFluxExample" classname="test.WebFluxTest" time="0.008"/>
  <testcase name="coldPublisherExample" classname="test.WebFluxTest" time="7.019"/>
  <testcase name="test" classname="test.WebFluxTest" time="0.003"/>
  <testcase name="publishSubscribeExample" classname="test.WebFluxTest" time="0.011"/>
  <testcase name="hotPublisherExample" classname="test.WebFluxTest" time="7.008"/>
</testsuite>